*** Fatal Error ***
Address not mapped to object (signal 11)
Address: 0x68

System: Linux prophessor-X555LJ 4.15.0-123-generic #126~16.04.1-Ubuntu SMP Wed Oct 21 13:48:05 UTC 2020 x86_64 x86_64 x86_64 GNU/Linux

GZDoom version g4.5.0 (3037c08840f209f9f6b6d7e6c2c69632472a5d54)
Command line: /opt/gzdoom/gzdoom -file ..
Wad 0: gzdoom.pk3
Wad 1: game_support.pk3
Wad 2: doom2.wad
Wad 3: brightmaps.pk3
Wad 4: lights.pk3
Wad 5: ../

Not in a level.

Executing: gdb --quiet --batch --command=gdb-respfile-MmMKNf
[New LWP 22666]
[New LWP 22670]
[New LWP 22671]
[Thread debugging using libthread_db enabled]
Using host libthread_db library "/lib/x86_64-linux-gnu/libthread_db.so.1".
0x00007f91d03e3f7b in __waitpid (pid=22673, stat_loc=0x5560ba16de74, options=0) at ../sysdeps/unix/sysv/linux/waitpid.c:29

* Loaded Libraries
From                To                  Syms Read   Shared Object Library
0x00007f91d0609160  0x00007f91d06bf4f0  Yes (*)     /usr/lib/x86_64-linux-gnu/libSDL2-2.0.so.0
0x00007f91d03d8a30  0x00007f91d03e5a51  Yes         /lib/x86_64-linux-gnu/libpthread.so.0
0x00007f91d01cd100  0x00007f91d01d01df  Yes         /lib/x86_64-linux-gnu/librt.so.1
0x00007f91cffb2db0  0x00007f91cffc3500  Yes (*)     /lib/x86_64-linux-gnu/libz.so.1
0x00007f91cfda2380  0x00007f91cfdae0c2  Yes (*)     /lib/x86_64-linux-gnu/libbz2.so.1.0
0x00007f91cfb9dda0  0x00007f91cfb9e98e  Yes         /lib/x86_64-linux-gnu/libdl.so.2
0x00007f91cf5b32e0  0x00007f91cf7b424e  Yes (*)     /opt/gzdoom/libzmusic.so.1
0x00007f91cf23c600  0x00007f91cf2add2a  Yes         /lib/x86_64-linux-gnu/libm.so.6
0x00007f91cf01b1b0  0x00007f91cf02effe  Yes (*)     /usr/lib/x86_64-linux-gnu/libgomp.so.1
0x00007f91cec6a8b0  0x00007f91cedbdbc4  Yes         /lib/x86_64-linux-gnu/libc.so.6
0x00007f91d0903ac0  0x00007f91d09217c0  Yes         /lib64/ld-linux-x86-64.so.2
0x00007f91ce975aa0  0x00007f91cea05b02  Yes (*)     /usr/lib/x86_64-linux-gnu/libasound.so.2
0x00007f91ce706910  0x00007f91ce733919  Yes (*)     /usr/lib/x86_64-linux-gnu/libpulse.so.0
0x00007f91ce4edbe0  0x00007f91ce4f4347  Yes (*)     /usr/lib/x86_64-linux-gnu/libsndio.so.6.1
0x00007f91ce1c9830  0x00007f91ce251424  Yes (*)     /usr/lib/x86_64-linux-gnu/libX11.so.6
0x00007f91cdfa2590  0x00007f91cdfac39f  Yes (*)     /usr/lib/x86_64-linux-gnu/libXext.so.6
0x00007f91cdd973e0  0x00007f91cdd9bfd7  Yes (*)     /usr/lib/x86_64-linux-gnu/libXcursor.so.1
0x00007f91cdb92af0  0x00007f91cdb933ec  Yes (*)     /usr/lib/x86_64-linux-gnu/libXinerama.so.1
0x00007f91cd9841a0  0x00007f91cd98e6f7  Yes (*)     /usr/lib/x86_64-linux-gnu/libXi.so.6
0x00007f91cd778c70  0x00007f91cd77ea82  Yes (*)     /usr/lib/x86_64-linux-gnu/libXrandr.so.2
0x00007f91cd573cd0  0x00007f91cd574a8c  Yes (*)     /usr/lib/x86_64-linux-gnu/libXss.so.1
0x00007f91cd36dfc0  0x00007f91cd3708c8  Yes (*)     /usr/lib/x86_64-linux-gnu/libXxf86vm.so.1
0x00007f91cd16b6a0  0x00007f91cd16b856  Yes (*)     /usr/lib/x86_64-linux-gnu/libwayland-egl.so.1
0x00007f91ccf61180  0x00007f91ccf659ff  Yes (*)     /usr/lib/x86_64-linux-gnu/libwayland-client.so.0
0x00007f91ccd55200  0x00007f91ccd56d71  Yes (*)     /usr/lib/x86_64-linux-gnu/libwayland-cursor.so.0
0x00007f91ccb18e50  0x00007f91ccb336e5  Yes (*)     /usr/lib/x86_64-linux-gnu/libxkbcommon.so.0
0x00007f91cc90da70  0x00007f91cc911c05  Yes (*)     /usr/lib/x86_64-linux-gnu/libogg.so.0
0x00007f91cc6e3d90  0x00007f91cc6f9b3d  Yes (*)     /usr/lib/x86_64-linux-gnu/libvorbis.so.0
0x00007f91cc44ba60  0x00007f91cc44e1a7  Yes (*)     /usr/lib/x86_64-linux-gnu/libvorbisenc.so.2
0x00007f91cc1cb420  0x00007f91cc22ccfd  Yes (*)     /usr/lib/x86_64-linux-gnu/libFLAC.so.8
0x00007f91cbf7af20  0x00007f91cbfb47fa  Yes (*)     /usr/lib/x86_64-linux-gnu/libopus.so.0
0x00007f91cbc80d20  0x00007f91cbd2ccc9  Yes (*)     /usr/lib/x86_64-linux-gnu/libstdc++.so.6
0x00007f91cb9e3a70  0x00007f91cb9f38b5  Yes (*)     /lib/x86_64-linux-gnu/libgcc_s.so.1
0x00007f91cb775c70  0x00007f91cb7b9879  Yes (*)     /usr/lib/x86_64-linux-gnu/pulseaudio/libpulsecommon-8.0.so
0x00007f91cb5228d0  0x00007f91cb54d894  Yes (*)     /lib/x86_64-linux-gnu/libdbus-1.so.3
0x00007f91cb306400  0x00007f91cb31364f  Yes (*)     /lib/x86_64-linux-gnu/libbsd.so.0
0x00007f91cb0ea6b0  0x00007f91cb0f91a5  Yes (*)     /usr/lib/x86_64-linux-gnu/libxcb.so.1
0x00007f91caed8ad0  0x00007f91caede9e5  Yes (*)     /usr/lib/x86_64-linux-gnu/libXrender.so.1
0x00007f91cacd2530  0x00007f91cacd4756  Yes (*)     /usr/lib/x86_64-linux-gnu/libXfixes.so.3
0x00007f91caaca7f0  0x00007f91caacf09c  Yes (*)     /usr/lib/x86_64-linux-gnu/libffi.so.6
0x00007f91d0a728b0  0x00007f91d0ac9d1f  Yes (*)     /lib/x86_64-linux-gnu/libsystemd.so.0
0x00007f91ca8c1d70  0x00007f91ca8c5798  Yes (*)     /lib/x86_64-linux-gnu/libwrap.so.0
0x00007f91ca65b0f0  0x00007f91ca69d6cc  Yes (*)     /usr/lib/x86_64-linux-gnu/libsndfile.so.1
0x00007f91ca450300  0x00007f91ca452988  Yes (*)     /usr/lib/x86_64-linux-gnu/libasyncns.so.0
0x00007f91ca2416e0  0x00007f91ca247ccc  Yes (*)     /lib/x86_64-linux-gnu/libapparmor.so.1
0x00007f91ca03be50  0x00007f91ca03cacc  Yes (*)     /usr/lib/x86_64-linux-gnu/libXau.so.6
0x00007f91c9e361d0  0x00007f91c9e37b38  Yes (*)     /usr/lib/x86_64-linux-gnu/libXdmcp.so.6
0x00007f91c9c18ab0  0x00007f91c9c2b29b  Yes (*)     /lib/x86_64-linux-gnu/libselinux.so.1
0x00007f91c99f30d0  0x00007f91c9a0724d  Yes (*)     /lib/x86_64-linux-gnu/liblzma.so.5
0x00007f91c9718d00  0x00007f91c97b9548  Yes (*)     /lib/x86_64-linux-gnu/libgcrypt.so.20
0x00007f91c94faff0  0x00007f91c95081e1  Yes         /lib/x86_64-linux-gnu/libnsl.so.1
0x00007f91c92df950  0x00007f91c92ef2b8  Yes         /lib/x86_64-linux-gnu/libresolv.so.2
0x00007f91c906d530  0x00007f91c90bc623  Yes (*)     /lib/x86_64-linux-gnu/libpcre.so.3
0x00007f91c8e5a8d0  0x00007f91c8e63db9  Yes (*)     /lib/x86_64-linux-gnu/libgpg-error.so.0
0x00007f91c83f1ee0  0x00007f91c8433825  Yes (*)     /usr/lib/x86_64-linux-gnu/libopenal.so.1
0x00007f91c32399b0  0x00007f91c3550faa  Yes (*)     /usr/lib/x86_64-linux-gnu/libgtk-3.so.0
0x00007f91c2f00810  0x00007f91c2f68238  Yes (*)     /usr/lib/x86_64-linux-gnu/libgdk-3.so.0
0x00007f91c2cd7170  0x00007f91c2cd8075  Yes (*)     /usr/lib/x86_64-linux-gnu/libgmodule-2.0.so.0
0x00007f91c2acd980  0x00007f91c2ad2746  Yes (*)     /usr/lib/x86_64-linux-gnu/libpangocairo-1.0.so.0
0x00007f91c28c33d0  0x00007f91c28c4369  Yes (*)     /usr/lib/x86_64-linux-gnu/libcairo-gobject.so.2
0x00007f91c25bdc40  0x00007f91c267f897  Yes (*)     /usr/lib/x86_64-linux-gnu/libcairo.so.2
0x00007f91c23900b0  0x00007f91c23a29f9  Yes (*)     /usr/lib/x86_64-linux-gnu/libgdk_pixbuf-2.0.so.0
0x00007f91c216f780  0x00007f91c217bbc3  Yes (*)     /usr/lib/x86_64-linux-gnu/libatk-1.0.so.0
0x00007f91c1f40730  0x00007f91c1f54929  Yes (*)     /usr/lib/x86_64-linux-gnu/libatk-bridge-2.0.so.0
0x00007f91c1c99f20  0x00007f91c1cdbf76  Yes (*)     /usr/lib/x86_64-linux-gnu/libepoxy.so.0
0x00007f91c1a321f0  0x00007f91c1a3a87d  Yes (*)     /usr/lib/x86_64-linux-gnu/libpangoft2-1.0.so.0
0x00007f91c17ebff0  0x00007f91c180b396  Yes (*)     /usr/lib/x86_64-linux-gnu/libpango-1.0.so.0
0x00007f91c15a2d60  0x00007f91c15c202a  Yes (*)     /usr/lib/x86_64-linux-gnu/libfontconfig.so.1
0x00007f91c1249880  0x00007f91c131d07b  Yes (*)     /usr/lib/x86_64-linux-gnu/libgio-2.0.so.0
0x00007f91c0fcbf00  0x00007f91c0ffc8f6  Yes (*)     /usr/lib/x86_64-linux-gnu/libgobject-2.0.so.0
0x00007f91c0cca860  0x00007f91c0d41859  Yes (*)     /lib/x86_64-linux-gnu/libglib-2.0.so.0
0x00007f91c0aadc40  0x00007f91c0aae618  Yes (*)     /usr/lib/x86_64-linux-gnu/libXcomposite.so.1
0x00007f91c08aab90  0x00007f91c08ab49b  Yes (*)     /usr/lib/x86_64-linux-gnu/libXdamage.so.1
0x00007f91c0627f40  0x00007f91c067c0fd  Yes (*)     /usr/lib/x86_64-linux-gnu/libmirclient.so.9
0x00007f91c0366c60  0x00007f91c03d62e2  Yes (*)     /usr/lib/x86_64-linux-gnu/libfreetype.so.6
0x00007f91c00babe0  0x00007f91c013fb30  Yes (*)     /usr/lib/x86_64-linux-gnu/libpixman-1.so.0
0x00007f91b7ddda70  0x00007f91b7df6363  Yes (*)     /lib/x86_64-linux-gnu/libpng12.so.0
0x00007f91b7bd6db0  0x00007f91b7bd78c3  Yes (*)     /usr/lib/x86_64-linux-gnu/libxcb-shm.so.0
0x00007f91b79cf460  0x00007f91b79d28da  Yes (*)     /usr/lib/x86_64-linux-gnu/libxcb-render.so.0
0x00007f91b77aaee0  0x00007f91b77bc768  Yes (*)     /usr/lib/x86_64-linux-gnu/libatspi.so.0
0x00007f91b7545650  0x00007f91b7580519  Yes (*)     /usr/lib/x86_64-linux-gnu/libharfbuzz.so.0
0x00007f91b7337b90  0x00007f91b733b455  Yes (*)     /usr/lib/x86_64-linux-gnu/libthai.so.0
0x00007f91b7110b00  0x00007f91b7128c69  Yes (*)     /lib/x86_64-linux-gnu/libexpat.so.1
0x00007f91b6ed96f0  0x00007f91b6efb901  Yes (*)     /usr/lib/x86_64-linux-gnu/libmircommon.so.7
0x00007f91b6c77370  0x00007f91b6cafc7e  Yes (*)     /usr/lib/x86_64-linux-gnu/libmirprotobuf.so.3
0x00007f91b69f0120  0x00007f91b6a3536d  Yes (*)     /usr/lib/x86_64-linux-gnu/libcapnp-0.5.3.so
0x00007f91b67c5730  0x00007f91b67c89dd  Yes (*)     /usr/lib/x86_64-linux-gnu/libmircore.so.1
0x00007f91b65bfff0  0x00007f91b65c0c66  Yes (*)     /usr/lib/x86_64-linux-gnu/libboost_system.so.1.58.0
0x00007f91b639b420  0x00007f91b63b3a06  Yes (*)     /usr/lib/x86_64-linux-gnu/libprotobuf-lite.so.9
0x00007f91b616a490  0x00007f91b6186065  Yes (*)     /usr/lib/x86_64-linux-gnu/libgraphite2.so.3
0x00007f91b5f61130  0x00007f91b5f645bd  Yes (*)     /usr/lib/x86_64-linux-gnu/libdatrie.so.1
0x00007f91b5d4e960  0x00007f91b5d5b50f  Yes (*)     /usr/lib/x86_64-linux-gnu/libboost_filesystem.so.1.58.0
0x00007f91b5b2bfc0  0x00007f91b5b3f7bb  Yes (*)     /usr/lib/x86_64-linux-gnu/libkj-0.5.3.so
0x00007f91b54edc10  0x00007f91b5507e26  Yes (*)     /usr/lib/x86_64-linux-gnu/gio/modules/libgvfsdbus.so
0x00007f91b52b85f0  0x00007f91b52cf076  Yes (*)     /usr/lib/x86_64-linux-gnu/gvfs/libgvfscommon.so
0x00007f91a7df82d0  0x00007f91a7dfdbf1  Yes         /lib/x86_64-linux-gnu/libnss_compat.so.2
0x00007f91a7bed0b0  0x00007f91a7bf38aa  Yes         /lib/x86_64-linux-gnu/libnss_nis.so.2
0x00007f91a79db1b0  0x00007f91a79e12a1  Yes         /lib/x86_64-linux-gnu/libnss_files.so.2
(*): Shared library is missing debugging information.

* Threads
  Id   Target Id         Frame 
* 1    Thread 0x7f91d0a5b9c0 (LWP 22665) "gzdoom" 0x00007f91d03e3f7b in __waitpid (pid=22673, stat_loc=0x5560ba16de74, options=0) at ../sysdeps/unix/sysv/linux/waitpid.c:29
  2    Thread 0x7f91c8e57700 (LWP 22666) "gzdoom" pthread_cond_wait@@GLIBC_2.3.2 () at ../sysdeps/unix/sysv/linux/x86_64/pthread_cond_wait.S:185
  3    Thread 0x7f91b52a5700 (LWP 22670) "gmain" 0x00007f91ced4680d in poll () at ../sysdeps/unix/syscall-template.S:84
  4    Thread 0x7f91b4aa4700 (LWP 22671) "gdbus" 0x00007f91ced4680d in poll () at ../sysdeps/unix/syscall-template.S:84

* FPU Status
  R7: Empty   0x00000000000000000000
  R6: Empty   0x00000000000000000000
  R5: Empty   0x00000000000000000000
  R4: Empty   0x00000000000000000000
  R3: Empty   0x00000000000000000000
  R2: Empty   0x00000000000000000000
  R1: Empty   0x00000000000000000000
=>R0: Empty   0x00000000000000000000

Status Word:         0x0000                                            
                       TOP: 0
Control Word:        0x037f   IM DM ZM OM UM PM
                       PC: Extended Precision (64-bits)
                       RC: Round to nearest
Tag Word:            0xffff
Instruction Pointer: 0x00:0x00000000
Operand Pointer:     0x00:0x00000000
Opcode:              0x0000

* Registers
rax            0xfffffffffffffe00	-512
rbx            0x5891	22673
rcx            0x7f91d03e3f7b	140264240725883
rdx            0x0	0
rsi            0x5560ba16de74	93873927282292
rdi            0x5891	22673
rbp            0x5560ba16de74	0x5560ba16de74
rsp            0x5560ba16de40	0x5560ba16de40
r8             0x0	0
r9             0x7f91d0a5b9c0	140264247507392
r10            0x0	0
r11            0x246	582
r12            0x0	0
r13            0x5560ba16b340	93873927271232
r14            0xa	10
r15            0x1090	4240
rip            0x7f91d03e3f7b	0x7f91d03e3f7b <__waitpid+107>
eflags         0x246	[ PF ZF IF ]
cs             0x33	51
ss             0x2b	43
ds             0x0	0
es             0x0	0
fs             0x0	0
gs             0x0	0

* Backtrace

Thread 4 (Thread 0x7f91b4aa4700 (LWP 22671)):
#0  0x00007f91ced4680d in poll () at ../sysdeps/unix/syscall-template.S:84
No locals.
#1  0x00007f91c0cfa38c in ?? () from /lib/x86_64-linux-gnu/libglib-2.0.so.0
No symbol table info available.
#2  0x00007f91c0cfa712 in g_main_loop_run () from /lib/x86_64-linux-gnu/libglib-2.0.so.0
No symbol table info available.
#3  0x00007f91c12f8bb6 in ?? () from /usr/lib/x86_64-linux-gnu/libgio-2.0.so.0
No symbol table info available.
#4  0x00007f91c0d20c55 in ?? () from /lib/x86_64-linux-gnu/libglib-2.0.so.0
No symbol table info available.
#5  0x00007f91d03da6ba in start_thread (arg=0x7f91b4aa4700) at pthread_create.c:333
        __res = <optimized out>
        pd = 0x7f91b4aa4700
        now = <optimized out>
        unwind_buf = {cancel_jmp_buf = {{jmp_buf = {140263778043648, -7707648731763436116, 0, 140734652486191, 140263778044352, 93873955411536, 7650356846498157996, 7650294342723704236}, mask_was_saved = 0}}, priv = {pad = {0x0, 0x0, 0x0, 0x0}, data = {prev = 0x0, cleanup = 0x0, canceltype = 0}}}
        not_first_call = <optimized out>
        pagesize_m1 = <optimized out>
        sp = <optimized out>
        freesize = <optimized out>
        __PRETTY_FUNCTION__ = "start_thread"
#6  0x00007f91ced524dd in clone () at ../sysdeps/unix/sysv/linux/x86_64/clone.S:109
No locals.

Thread 3 (Thread 0x7f91b52a5700 (LWP 22670)):
#0  0x00007f91ced4680d in poll () at ../sysdeps/unix/syscall-template.S:84
No locals.
#1  0x00007f91c0cfa38c in ?? () from /lib/x86_64-linux-gnu/libglib-2.0.so.0
No symbol table info available.
#2  0x00007f91c0cfa49c in g_main_context_iteration () from /lib/x86_64-linux-gnu/libglib-2.0.so.0
No symbol table info available.
#3  0x00007f91c0cfa4d9 in ?? () from /lib/x86_64-linux-gnu/libglib-2.0.so.0
No symbol table info available.
#4  0x00007f91c0d20c55 in ?? () from /lib/x86_64-linux-gnu/libglib-2.0.so.0
No symbol table info available.
#5  0x00007f91d03da6ba in start_thread (arg=0x7f91b52a5700) at pthread_create.c:333
        __res = <optimized out>
        pd = 0x7f91b52a5700
        now = <optimized out>
        unwind_buf = {cancel_jmp_buf = {{jmp_buf = {140263786436352, -7707648731763436116, 0, 140734652485839, 140263786437056, 0, 7650353545278920108, 7650294342723704236}, mask_was_saved = 0}}, priv = {pad = {0x0, 0x0, 0x0, 0x0}, data = {prev = 0x0, cleanup = 0x0, canceltype = 0}}}
        not_first_call = <optimized out>
        pagesize_m1 = <optimized out>
        sp = <optimized out>
        freesize = <optimized out>
        __PRETTY_FUNCTION__ = "start_thread"
#6  0x00007f91ced524dd in clone () at ../sysdeps/unix/sysv/linux/x86_64/clone.S:109
No locals.

Thread 2 (Thread 0x7f91c8e57700 (LWP 22666)):
#0  pthread_cond_wait@@GLIBC_2.3.2 () at ../sysdeps/unix/sysv/linux/x86_64/pthread_cond_wait.S:185
No locals.
#1  0x00005560b9c843bc in std::condition_variable::wait(std::unique_lock<std::mutex>&) ()
No symbol table info available.
#2  0x00005560b95d5c2b in ctpl::thread_pool::set_thread(int)::{lambda()#1}::operator()() const ()
No symbol table info available.
#3  0x00005560b9cf2520 in ?? ()
No symbol table info available.
#4  0x00007f91d03da6ba in start_thread (arg=0x7f91c8e57700) at pthread_create.c:333
        __res = <optimized out>
        pd = 0x7f91c8e57700
        now = <optimized out>
        unwind_buf = {cancel_jmp_buf = {{jmp_buf = {140264117466880, -7707648731763436116, 0, 140734652494303, 140264117467584, 93873928581016, 7650348693039617452, 7650294342723704236}, mask_was_saved = 0}}, priv = {pad = {0x0, 0x0, 0x0, 0x0}, data = {prev = 0x0, cleanup = 0x0, canceltype = 0}}}
        not_first_call = <optimized out>
        pagesize_m1 = <optimized out>
        sp = <optimized out>
        freesize = <optimized out>
        __PRETTY_FUNCTION__ = "start_thread"
#5  0x00007f91ced524dd in clone () at ../sysdeps/unix/sysv/linux/x86_64/clone.S:109
No locals.

Thread 1 (Thread 0x7f91d0a5b9c0 (LWP 22665)):
#0  0x00007f91d03e3f7b in __waitpid (pid=22673, stat_loc=0x5560ba16de74, options=0) at ../sysdeps/unix/sysv/linux/waitpid.c:29
        resultvar = 18446744073709551104
        sc_cancel_oldtype = 0
#1  0x00005560b9442dfc in ?? ()
No symbol table info available.
#2  <signal handler called>
No locals.
#3  0x00005560b99596c1 in FGameTexture::~FGameTexture() ()
No symbol table info available.
#4  0x00005560b995c98b in FTextureManager::DeleteAll() ()
No symbol table info available.
#5  0x00005560b966d4e0 in D_Cleanup() ()
No symbol table info available.
#6  0x00005560b9670b41 in GameMain() ()
No symbol table info available.
#7  0x00005560b9424162 in main ()
No symbol table info available.
